<?xml version="1.0" encoding="UTF-8"?>
<testsuite xmlns:xsi="http://www.w3.org/2001/XMLSchema-instance" xsi:noNamespaceSchemaLocation="https://maven.apache.org/surefire/maven-surefire-plugin/xsd/surefire-test-report-3.0.xsd" version="3.0" name="com.houarizegai.calculator.CalculatorUITest" time="0.783" tests="6" errors="0" skipped="0" failures="0">
  <properties>
[...]
</properties>
  <testcase name="testCalculation(double, double, char, double)[1]" classname="com.houarizegai.calculator.CalculatorUITest" time="0.55"/>
  <testcase name="testCalculation(double, double, char, double)[2]" classname="com.houarizegai.calculator.CalculatorUITest" time="0.045"/>
  <testcase name="testCalculation(double, double, char, double)[3]" classname="com.houarizegai.calculator.CalculatorUITest" time="0.034"/>
  <testcase name="testCalculation(double, double, char, double)[4]" classname="com.houarizegai.calculator.CalculatorUITest" time="0.034"/>
  <testcase name="testCalculation(double, double, char, double)[5]" classname="com.houarizegai.calculator.CalculatorUITest" time="0.03"/>
  <testcase name="testCalculation(double, double, char, double)[6]" classname="com.houarizegai.calculator.CalculatorUITest" time="0.033"/>
</testsuite>